# JRE version: OpenJDK Runtime Environment (11.0.12+7) (build 11.0.12+7-b1504.28-7817840)
# Java VM: OpenJDK 64-Bit Server VM (11.0.12+7-b1504.28-7817840, mixed mode, tiered, compressed oops, g1 gc, windows-amd64)
Heap:
 garbage-first heap   total 575488K, used 190266K [0x0000000080000000, 0x0000000100000000)
  region size 1024K, 11 young (11264K), 11 survivors (11264K)
 Metaspace       used 117127K, capacity 120323K, committed 120524K, reserved 1155072K
  class space    used 14652K, capacity 15868K, committed 15872K, reserved 1048576K
GC Heap History (20 events):
Event: 38.597 GC heap after
{Heap after GC invocations=52 (full 0):
 garbage-first heap   total 445440K, used 167688K [0x0000000080000000, 0x0000000100000000)
  region size 1024K, 11 young (11264K), 11 survivors (11264K)
 Metaspace       used 116430K, capacity 119544K, committed 119756K, reserved 1153024K
  class space    used 14633K, capacity 15840K, committed 15872K, reserved 1048576K
}
Event: 39.237 GC heap before
{Heap before GC invocations=52 (full 0):
 garbage-first heap   total 445440K, used 383752K [0x0000000080000000, 0x0000000100000000)
  region size 1024K, 223 young (228352K), 11 survivors (11264K)
 Metaspace       used 116492K, capacity 119619K, committed 119756K, reserved 1153024K
  class space    used 14633K, capacity 15841K, committed 15872K, reserved 1048576K
}
Event: 39.259 GC heap after
{Heap after GC invocations=53 (full 0):
 garbage-first heap   total 445440K, used 170725K [0x0000000080000000, 0x0000000100000000)
  region size 1024K, 14 young (14336K), 14 survivors (14336K)
 Metaspace       used 116492K, capacity 119619K, committed 119756K, reserved 1153024K
  class space    used 14633K, capacity 15841K, committed 15872K, reserved 1048576K
}
Event: 39.778 GC heap before
{Heap before GC invocations=53 (full 0):
 garbage-first heap   total 445440K, used 384741K [0x0000000080000000, 0x0000000100000000)
  region size 1024K, 224 young (229376K), 14 survivors (14336K)
 Metaspace       used 116504K, capacity 119621K, committed 119756K, reserved 1153024K
  class space    used 14633K, capacity 15841K, committed 15872K, reserved 1048576K
}
Event: 39.805 GC heap after
{Heap after GC invocations=54 (full 0):
 garbage-first heap   total 445440K, used 174344K [0x0000000080000000, 0x0000000100000000)
  region size 1024K, 18 young (18432K), 18 survivors (18432K)
 Metaspace       used 116504K, capacity 119621K, committed 119756K, reserved 1153024K
  class space    used 14633K, capacity 15841K, committed 15872K, reserved 1048576K
}
Event: 40.318 GC heap before
{Heap before GC invocations=54 (full 0):
 garbage-first heap   total 445440K, used 381192K [0x0000000080000000, 0x0000000100000000)
  region size 1024K, 220 young (225280K), 18 survivors (18432K)
 Metaspace       used 116515K, capacity 119630K, committed 119756K, reserved 1153024K
  class space    used 14635K, capacity 15844K, committed 15872K, reserved 1048576K
}
Event: 40.347 GC heap after
{Heap after GC invocations=55 (full 0):
 garbage-first heap   total 445440K, used 173657K [0x0000000080000000, 0x0000000100000000)
  region size 1024K, 12 young (12288K), 12 survivors (12288K)
 Metaspace       used 116515K, capacity 119630K, committed 119756K, reserved 1153024K
  class space    used 14635K, capacity 15844K, committed 15872K, reserved 1048576K
}
Event: 40.899 GC heap before
{Heap before GC invocations=55 (full 0):
 garbage-first heap   total 445440K, used 387673K [0x0000000080000000, 0x0000000100000000)
  region size 1024K, 221 young (226304K), 12 survivors (12288K)
 Metaspace       used 116525K, capacity 119631K, committed 119756K, reserved 1153024K
  class space    used 14635K, capacity 15844K, committed 15872K, reserved 1048576K
}
Event: 40.925 GC heap after
{Heap after GC invocations=56 (full 0):
 garbage-first heap   total 512000K, used 174169K [0x0000000080000000, 0x0000000100000000)
  region size 1024K, 13 young (13312K), 13 survivors (13312K)
 Metaspace       used 116525K, capacity 119631K, committed 119756K, reserved 1153024K
  class space    used 14635K, capacity 15844K, committed 15872K, reserved 1048576K
}
Event: 41.597 GC heap before
{Heap before GC invocations=56 (full 0):
 garbage-first heap   total 512000K, used 423001K [0x0000000080000000, 0x0000000100000000)
  region size 1024K, 256 young (262144K), 13 survivors (13312K)
 Metaspace       used 116536K, capacity 119634K, committed 119756K, reserved 1153024K
  class space    used 14636K, capacity 15845K, committed 15872K, reserved 1048576K
}
Event: 41.621 GC heap after
{Heap after GC invocations=57 (full 0):
 garbage-first heap   total 512000K, used 175193K [0x0000000080000000, 0x0000000100000000)
  region size 1024K, 14 young (14336K), 14 survivors (14336K)
 Metaspace       used 116536K, capacity 119634K, committed 119756K, reserved 1153024K
  class space    used 14636K, capacity 15845K, committed 15872K, reserved 1048576K
}
Event: 42.469 GC heap before
{Heap before GC invocations=57 (full 0):
 garbage-first heap   total 512000K, used 441433K [0x0000000080000000, 0x0000000100000000)
  region size 1024K, 274 young (280576K), 14 survivors (14336K)
 Metaspace       used 116870K, capacity 120010K, committed 120268K, reserved 1153024K
  class space    used 14647K, capacity 15864K, committed 15872K, reserved 1048576K
}
Event: 42.501 GC heap after
{Heap after GC invocations=58 (full 0):
 garbage-first heap   total 512000K, used 178265K [0x0000000080000000, 0x0000000100000000)
  region size 1024K, 17 young (17408K), 17 survivors (17408K)
 Metaspace       used 116870K, capacity 120010K, committed 120268K, reserved 1153024K
  class space    used 14647K, capacity 15864K, committed 15872K, reserved 1048576K
}
Event: 43.424 GC heap before
{Heap before GC invocations=58 (full 0):
 garbage-first heap   total 512000K, used 448601K [0x0000000080000000, 0x0000000100000000)
  region size 1024K, 275 young (281600K), 17 survivors (17408K)
 Metaspace       used 117066K, capacity 120311K, committed 120524K, reserved 1155072K
  class space    used 14651K, capacity 15866K, committed 15872K, reserved 1048576K
}
Event: 43.460 GC heap after
{Heap after GC invocations=59 (full 0):
 garbage-first heap   total 512000K, used 183897K [0x0000000080000000, 0x0000000100000000)
  region size 1024K, 22 young (22528K), 22 survivors (22528K)
 Metaspace       used 117066K, capacity 120311K, committed 120524K, reserved 1155072K
  class space    used 14651K, capacity 15866K, committed 15872K, reserved 1048576K
}
Event: 44.171 GC heap before
{Heap before GC invocations=59 (full 0):
 garbage-first heap   total 512000K, used 435801K [0x0000000080000000, 0x0000000100000000)
  region size 1024K, 269 young (275456K), 22 survivors (22528K)
 Metaspace       used 117101K, capacity 120320K, committed 120524K, reserved 1155072K
  class space    used 14652K, capacity 15868K, committed 15872K, reserved 1048576K
}
Event: 44.216 GC heap after
{Heap after GC invocations=60 (full 0):
 garbage-first heap   total 512000K, used 188489K [0x0000000080000000, 0x0000000100000000)
  region size 1024K, 23 young (23552K), 23 survivors (23552K)
 Metaspace       used 117101K, capacity 120320K, committed 120524K, reserved 1155072K
  class space    used 14652K, capacity 15868K, committed 15872K, reserved 1048576K
}
Event: 44.820 GC heap before
{Heap before GC invocations=60 (full 0):
 garbage-first heap   total 512000K, used 436297K [0x0000000080000000, 0x0000000100000000)
  region size 1024K, 265 young (271360K), 23 survivors (23552K)
 Metaspace       used 117117K, capacity 120322K, committed 120524K, reserved 1155072K
  class space    used 14652K, capacity 15868K, committed 15872K, reserved 1048576K
}
Event: 44.851 GC heap after
{Heap after GC invocations=61 (full 0):
 garbage-first heap   total 512000K, used 188730K [0x0000000080000000, 0x0000000100000000)
  region size 1024K, 10 young (10240K), 10 survivors (10240K)
 Metaspace       used 117117K, capacity 120322K, committed 120524K, reserved 1155072K
  class space    used 14652K, capacity 15868K, committed 15872K, reserved 1048576K
}
Event: 45.659 GC heap before
{Heap before GC invocations=61 (full 0):
 garbage-first heap   total 512000K, used 437562K [0x0000000080000000, 0x0000000100000000)
  region size 1024K, 253 young (259072K), 10 survivors (10240K)
 Metaspace       used 117127K, capacity 120323K, committed 120524K, reserved 1155072K
  class space    used 14652K, capacity 15868K, committed 15872K, reserved 1048576K
}

